[0208/085437.555:ERROR:os_crypt_win.cc(93)] Failed to decrypt: Clave no válida para utilizar en el estado especificado. (0x8009000B)
[0208/085437.964:ERROR:backend_impl.cc(1041)] Critical error found -8
[0208/085443.834:WARNING:storage_block-inl.h(146)] Failed data load.
[0208/085443.834:WARNING:storage_block-inl.h(146)] Failed data load.
[0208/085443.835:WARNING:storage_block-inl.h(146)] Failed data load.
[0208/085443.837:WARNING:storage_block-inl.h(146)] Failed data load.
[0208/085443.838:WARNING:storage_block-inl.h(146)] Failed data load.
[0208/085443.839:ERROR:entry_impl.cc(998)] Failed to save user data
[0208/085448.880:WARNING:value_store_frontend.cc(43)] Reading mhjfbmdgcfjbbpaeojofohoefgiehjai.alarms from  failed: IO error: .../MANIFEST-000001: Unable to create sequential file (ChromeMethodBFE: 7::NewSequentialFile::1)
[0208/093905.804:WARNING:value_store_frontend.cc(43)] Reading mhjfbmdgcfjbbpaeojofohoefgiehjai.alarms from  failed: IO error: .../MANIFEST-000001: Unable to create sequential file (ChromeMethodBFE: 7::NewSequentialFile::1)
[0208/095426.043:WARNING:value_store_frontend.cc(43)] Reading mhjfbmdgcfjbbpaeojofohoefgiehjai.alarms from  failed: IO error: .../MANIFEST-000001: Unable to create sequential file (ChromeMethodBFE: 7::NewSequentialFile::1)
[0208/095948.506:WARNING:value_store_frontend.cc(43)] Reading mhjfbmdgcfjbbpaeojofohoefgiehjai.alarms from  failed: IO error: .../MANIFEST-000001: Unable to create sequential file (ChromeMethodBFE: 7::NewSequentialFile::1)
[0208/100102.214:WARNING:value_store_frontend.cc(43)] Reading mhjfbmdgcfjbbpaeojofohoefgiehjai.alarms from  failed: IO error: .../MANIFEST-000001: Unable to create sequential file (ChromeMethodBFE: 7::NewSequentialFile::1)
[0208/105806.714:WARNING:value_store_frontend.cc(43)] Reading mhjfbmdgcfjbbpaeojofohoefgiehjai.alarms from  failed: IO error: .../MANIFEST-000001: Unable to create sequential file (ChromeMethodBFE: 7::NewSequentialFile::1)
[0208/110649.773:WARNING:value_store_frontend.cc(43)] Reading mhjfbmdgcfjbbpaeojofohoefgiehjai.alarms from  failed: IO error: .../MANIFEST-000001: Unable to create sequential file (ChromeMethodBFE: 7::NewSequentialFile::1)
[0208/115848.206:WARNING:value_store_frontend.cc(43)] Reading mhjfbmdgcfjbbpaeojofohoefgiehjai.alarms from  failed: IO error: .../MANIFEST-000001: Unable to create sequential file (ChromeMethodBFE: 7::NewSequentialFile::1)
[0208/143618.852:ERROR:backend_impl.cc(1041)] Critical error found -8
[0208/143618.861:ERROR:entry_impl.cc(1075)] No file for b302002c
[0208/143618.863:WARNING:storage_block-inl.h(146)] Failed data load.
[0208/143621.711:WARNING:value_store_frontend.cc(43)] Reading mhjfbmdgcfjbbpaeojofohoefgiehjai.alarms from  failed: IO error: .../MANIFEST-000001: Unable to create sequential file (ChromeMethodBFE: 7::NewSequentialFile::1)
[0208/143739.799:WARNING:value_store_frontend.cc(43)] Reading mhjfbmdgcfjbbpaeojofohoefgiehjai.alarms from  failed: IO error: .../MANIFEST-000001: Unable to create sequential file (ChromeMethodBFE: 7::NewSequentialFile::1)
[0208/143944.440:WARNING:value_store_frontend.cc(43)] Reading mhjfbmdgcfjbbpaeojofohoefgiehjai.alarms from  failed: IO error: .../MANIFEST-000001: Unable to create sequential file (ChromeMethodBFE: 7::NewSequentialFile::1)
[0208/144120.514:WARNING:value_store_frontend.cc(43)] Reading mhjfbmdgcfjbbpaeojofohoefgiehjai.alarms from  failed: IO error: .../MANIFEST-000001: Unable to create sequential file (ChromeMethodBFE: 7::NewSequentialFile::1)
[0208/145153.566:WARNING:value_store_frontend.cc(43)] Reading mhjfbmdgcfjbbpaeojofohoefgiehjai.alarms from  failed: IO error: .../MANIFEST-000001: Unable to create sequential file (ChromeMethodBFE: 7::NewSequentialFile::1)
