2021-03-24 17:38:54:880  [INFO      ] --------------------------------------------------------------------------------------------------
2021-03-24 17:38:54:880  [INFO      ] Starting cemmbrowser.exe ver 1.0.0.0
2021-03-24 17:38:54:880  [INFO      ] From D:\Dev\varcoded\ConanExiles\Conan-Exiles-Mod-Manager\CEMM\Win32\Debug\browser\cemmbrowser.exe
2021-03-24 17:38:54:880  [INFO      ] On miércoles, marzo, 24 2021 05:38:54 p. m.
2021-03-24 17:38:54:880  [INFO      ] Created by:Salvador Fajardo Padron
2021-03-24 17:38:54:880  [INFO      ] Windows username: SFAJARDO
2021-03-24 17:38:54:880  [INFO      ] Running on computer: DESARROLLO02
2021-03-24 17:38:54:880  [INFO      ] --------------------------------------------------------------------------------------------------
2021-03-24 17:38:57:960  [INFO      ] UpdateCache:-1
2021-03-24 17:38:57:960  [INFO      ] File:.\cache\pdf\2275573619.sfp
2021-03-24 17:39:19:327  [INFO      ] UpdateCache:-1
2021-03-24 17:39:19:327  [INFO      ] File:.\cache\pdf\2305969565.sfp
2021-03-24 17:44:23:040  [INFO      ] --------------------------------------------------------------------------------------------------
2021-03-24 17:44:23:040  [INFO      ] Starting cemmbrowser.exe ver 1.0.0.0
2021-03-24 17:44:23:040  [INFO      ] From D:\Dev\varcoded\ConanExiles\Conan-Exiles-Mod-Manager\CEMM\Win32\Debug\browser\cemmbrowser.exe
2021-03-24 17:44:23:040  [INFO      ] On miércoles, marzo, 24 2021 05:44:23 p. m.
2021-03-24 17:44:23:040  [INFO      ] Created by:Salvador Fajardo Padron
2021-03-24 17:44:23:040  [INFO      ] Windows username: SFAJARDO
2021-03-24 17:44:23:040  [INFO      ] Running on computer: DESARROLLO02
2021-03-24 17:44:23:040  [INFO      ] --------------------------------------------------------------------------------------------------
2021-03-24 17:44:27:398  [INFO      ] UpdateCache:-1
2021-03-24 17:44:27:398  [INFO      ] File:.\cache\pdf\2050780234.sfp
2021-03-24 17:44:46:417  [INFO      ] UpdateCache:-1
2021-03-24 17:44:46:417  [INFO      ] File:.\cache\pdf\1930095771.sfp
2021-03-24 17:45:46:190  [INFO      ] --------------------------------------------------------------------------------------------------
2021-03-24 17:45:46:190  [INFO      ] Starting cemmbrowser.exe ver 1.0.0.0
2021-03-24 17:45:46:190  [INFO      ] From D:\Dev\varcoded\ConanExiles\Conan-Exiles-Mod-Manager\CEMM\Win32\Debug\browser\cemmbrowser.exe
2021-03-24 17:45:46:190  [INFO      ] On miércoles, marzo, 24 2021 05:45:46 p. m.
2021-03-24 17:45:46:190  [INFO      ] Created by:Salvador Fajardo Padron
2021-03-24 17:45:46:190  [INFO      ] Windows username: SFAJARDO
2021-03-24 17:45:46:190  [INFO      ] Running on computer: DESARROLLO02
2021-03-24 17:45:46:190  [INFO      ] --------------------------------------------------------------------------------------------------
2021-03-24 17:46:11:987  [INFO      ] --------------------------------------------------------------------------------------------------
2021-03-24 17:46:11:987  [INFO      ] Starting cemmbrowser.exe ver 1.0.0.0
2021-03-24 17:46:11:987  [INFO      ] From D:\Dev\varcoded\ConanExiles\Conan-Exiles-Mod-Manager\CEMM\Win32\Debug\browser\cemmbrowser.exe
2021-03-24 17:46:11:987  [INFO      ] On miércoles, marzo, 24 2021 05:46:11 p. m.
2021-03-24 17:46:11:987  [INFO      ] Created by:Salvador Fajardo Padron
2021-03-24 17:46:11:987  [INFO      ] Windows username: SFAJARDO
2021-03-24 17:46:11:987  [INFO      ] Running on computer: DESARROLLO02
2021-03-24 17:46:11:987  [INFO      ] --------------------------------------------------------------------------------------------------
2021-03-24 17:56:50:764  [INFO      ] --------------------------------------------------------------------------------------------------
2021-03-24 17:56:50:764  [INFO      ] Starting cemmbrowser.exe ver 1.0.0.0
2021-03-24 17:56:50:764  [INFO      ] From D:\Dev\varcoded\ConanExiles\Conan-Exiles-Mod-Manager\CEMM\Win32\Debug\browser\cemmbrowser.exe
2021-03-24 17:56:50:764  [INFO      ] On miércoles, marzo, 24 2021 05:56:50 p. m.
2021-03-24 17:56:50:764  [INFO      ] Created by:Salvador Fajardo Padron
2021-03-24 17:56:50:764  [INFO      ] Windows username: SFAJARDO
2021-03-24 17:56:50:764  [INFO      ] Running on computer: DESARROLLO02
2021-03-24 17:56:50:764  [INFO      ] --------------------------------------------------------------------------------------------------
2021-03-24 17:56:58:461  [INFO      ] --------------------------------------------------------------------------------------------------
2021-03-24 17:56:58:462  [INFO      ] Starting cemmbrowser.exe ver 1.0.0.0
2021-03-24 17:56:58:462  [INFO      ] From D:\Dev\varcoded\ConanExiles\Conan-Exiles-Mod-Manager\CEMM\Win32\Debug\browser\cemmbrowser.exe
2021-03-24 17:56:58:462  [INFO      ] On miércoles, marzo, 24 2021 05:56:58 p. m.
2021-03-24 17:56:58:462  [INFO      ] Created by:Salvador Fajardo Padron
2021-03-24 17:56:58:462  [INFO      ] Windows username: SFAJARDO
2021-03-24 17:56:58:462  [INFO      ] Running on computer: DESARROLLO02
2021-03-24 17:56:58:462  [INFO      ] --------------------------------------------------------------------------------------------------
2021-03-25 08:59:07:652  [INFO      ] --------------------------------------------------------------------------------------------------
2021-03-25 08:59:07:653  [INFO      ] Starting cemmbrowser.exe ver 1.0.0.0
2021-03-25 08:59:07:654  [INFO      ] From D:\Dev\varcoded\ConanExiles\Conan-Exiles-Mod-Manager\CEMM\Win32\Debug\browser\cemmbrowser.exe
2021-03-25 08:59:07:654  [INFO      ] On jueves, marzo, 25 2021 08:59:07 a. m.
2021-03-25 08:59:07:654  [INFO      ] Created by:Salvador Fajardo Padron
2021-03-25 08:59:07:654  [INFO      ] Windows username: SFAJARDO
2021-03-25 08:59:07:654  [INFO      ] Running on computer: DESARROLLO02
2021-03-25 08:59:07:654  [INFO      ] --------------------------------------------------------------------------------------------------
2021-03-25 09:16:36:587  [INFO      ] --------------------------------------------------------------------------------------------------
2021-03-25 09:16:36:587  [INFO      ] Starting cemmbrowser.exe ver 1.0.0.0
2021-03-25 09:16:36:587  [INFO      ] From D:\Dev\varcoded\ConanExiles\Conan-Exiles-Mod-Manager\CEMM\Win32\Debug\browser\cemmbrowser.exe
2021-03-25 09:16:36:587  [INFO      ] On jueves, marzo, 25 2021 09:16:36 a. m.
2021-03-25 09:16:36:587  [INFO      ] Created by:Salvador Fajardo Padron
2021-03-25 09:16:36:587  [INFO      ] Windows username: SFAJARDO
2021-03-25 09:16:36:587  [INFO      ] Running on computer: DESARROLLO02
2021-03-25 09:16:36:587  [INFO      ] --------------------------------------------------------------------------------------------------
2021-03-25 09:34:35:660  [INFO      ] --------------------------------------------------------------------------------------------------
2021-03-25 09:34:35:660  [INFO      ] Starting cemmbrowser.exe ver 1.0.0.0
2021-03-25 09:34:35:660  [INFO      ] From D:\Dev\varcoded\ConanExiles\Conan-Exiles-Mod-Manager\CEMM\Win32\Debug\browser\cemmbrowser.exe
2021-03-25 09:34:35:660  [INFO      ] On jueves, marzo, 25 2021 09:34:35 a. m.
2021-03-25 09:34:35:660  [INFO      ] Created by:Salvador Fajardo Padron
2021-03-25 09:34:35:660  [INFO      ] Windows username: SFAJARDO
2021-03-25 09:34:35:660  [INFO      ] Running on computer: DESARROLLO02
2021-03-25 09:34:35:660  [INFO      ] --------------------------------------------------------------------------------------------------
2021-03-25 15:57:31:108  [INFO      ] --------------------------------------------------------------------------------------------------
2021-03-25 15:57:31:108  [INFO      ] Starting cemmbrowser.exe ver 1.0.0.0
2021-03-25 15:57:31:108  [INFO      ] From D:\Dev\varcoded\ConanExiles\Conan-Exiles-Mod-Manager\CEMM\Win32\Debug\browser\cemmbrowser.exe
2021-03-25 15:57:31:108  [INFO      ] On jueves, marzo, 25 2021 03:57:31 p. m.
2021-03-25 15:57:31:108  [INFO      ] Created by:Salvador Fajardo Padron
2021-03-25 15:57:31:108  [INFO      ] Windows username: SFAJARDO
2021-03-25 15:57:31:108  [INFO      ] Running on computer: DESARROLLO02
2021-03-25 15:57:31:108  [INFO      ] --------------------------------------------------------------------------------------------------
2021-03-25 16:00:36:292  [INFO      ] --------------------------------------------------------------------------------------------------
2021-03-25 16:00:36:292  [INFO      ] Starting cemmbrowser.exe ver 1.0.0.0
2021-03-25 16:00:36:292  [INFO      ] From D:\Dev\varcoded\ConanExiles\Conan-Exiles-Mod-Manager\CEMM\Win32\Debug\browser\cemmbrowser.exe
2021-03-25 16:00:36:292  [INFO      ] On jueves, marzo, 25 2021 04:00:36 p. m.
2021-03-25 16:00:36:292  [INFO      ] Created by:Salvador Fajardo Padron
2021-03-25 16:00:36:292  [INFO      ] Windows username: SFAJARDO
2021-03-25 16:00:36:292  [INFO      ] Running on computer: DESARROLLO02
2021-03-25 16:00:36:292  [INFO      ] --------------------------------------------------------------------------------------------------
2021-03-25 16:02:32:303  [INFO      ] --------------------------------------------------------------------------------------------------
2021-03-25 16:02:32:303  [INFO      ] Starting cemmbrowser.exe ver 1.0.0.0
2021-03-25 16:02:32:303  [INFO      ] From D:\Dev\varcoded\ConanExiles\Conan-Exiles-Mod-Manager\CEMM\Win32\Debug\browser\cemmbrowser.exe
2021-03-25 16:02:32:303  [INFO      ] On jueves, marzo, 25 2021 04:02:32 p. m.
2021-03-25 16:02:32:303  [INFO      ] Created by:Salvador Fajardo Padron
2021-03-25 16:02:32:303  [INFO      ] Windows username: SFAJARDO
2021-03-25 16:02:32:303  [INFO      ] Running on computer: DESARROLLO02
2021-03-25 16:02:32:303  [INFO      ] --------------------------------------------------------------------------------------------------
2021-03-25 16:04:08:812  [INFO      ] --------------------------------------------------------------------------------------------------
2021-03-25 16:04:08:812  [INFO      ] Starting cemmbrowser.exe ver 1.0.0.0
2021-03-25 16:04:08:812  [INFO      ] From D:\Dev\varcoded\ConanExiles\Conan-Exiles-Mod-Manager\CEMM\Win32\Debug\browser\cemmbrowser.exe
2021-03-25 16:04:08:812  [INFO      ] On jueves, marzo, 25 2021 04:04:08 p. m.
2021-03-25 16:04:08:812  [INFO      ] Created by:Salvador Fajardo Padron
2021-03-25 16:04:08:812  [INFO      ] Windows username: SFAJARDO
2021-03-25 16:04:08:812  [INFO      ] Running on computer: DESARROLLO02
2021-03-25 16:04:08:812  [INFO      ] --------------------------------------------------------------------------------------------------
2021-03-25 16:07:25:977  [INFO      ] --------------------------------------------------------------------------------------------------
2021-03-25 16:07:25:977  [INFO      ] Starting cemmbrowser.exe ver 1.0.0.0
2021-03-25 16:07:25:977  [INFO      ] From D:\Dev\varcoded\ConanExiles\Conan-Exiles-Mod-Manager\CEMM\Win32\Debug\browser\cemmbrowser.exe
2021-03-25 16:07:25:977  [INFO      ] On jueves, marzo, 25 2021 04:07:25 p. m.
2021-03-25 16:07:25:977  [INFO      ] Created by:Salvador Fajardo Padron
2021-03-25 16:07:25:977  [INFO      ] Windows username: SFAJARDO
2021-03-25 16:07:25:977  [INFO      ] Running on computer: DESARROLLO02
2021-03-25 16:07:25:977  [INFO      ] --------------------------------------------------------------------------------------------------
2021-03-25 16:10:12:986  [INFO      ] --------------------------------------------------------------------------------------------------
2021-03-25 16:10:12:986  [INFO      ] Starting cemmbrowser.exe ver 1.0.0.0
2021-03-25 16:10:12:986  [INFO      ] From D:\Dev\varcoded\ConanExiles\Conan-Exiles-Mod-Manager\CEMM\Win32\Debug\browser\cemmbrowser.exe
2021-03-25 16:10:12:986  [INFO      ] On jueves, marzo, 25 2021 04:10:12 p. m.
2021-03-25 16:10:12:986  [INFO      ] Created by:Salvador Fajardo Padron
2021-03-25 16:10:12:986  [INFO      ] Windows username: SFAJARDO
2021-03-25 16:10:12:986  [INFO      ] Running on computer: DESARROLLO02
2021-03-25 16:10:12:986  [INFO      ] --------------------------------------------------------------------------------------------------
2021-03-25 16:11:06:229  [INFO      ] --------------------------------------------------------------------------------------------------
2021-03-25 16:11:06:229  [INFO      ] Starting cemmbrowser.exe ver 1.0.0.0
2021-03-25 16:11:06:229  [INFO      ] From D:\Dev\varcoded\ConanExiles\Conan-Exiles-Mod-Manager\CEMM\Win32\Debug\browser\cemmbrowser.exe
2021-03-25 16:11:06:230  [INFO      ] On jueves, marzo, 25 2021 04:11:06 p. m.
2021-03-25 16:11:06:230  [INFO      ] Created by:Salvador Fajardo Padron
2021-03-25 16:11:06:230  [INFO      ] Windows username: SFAJARDO
2021-03-25 16:11:06:230  [INFO      ] Running on computer: DESARROLLO02
2021-03-25 16:11:06:230  [INFO      ] --------------------------------------------------------------------------------------------------
2021-03-25 16:12:26:103  [INFO      ] --------------------------------------------------------------------------------------------------
2021-03-25 16:12:26:103  [INFO      ] Starting cemmbrowser.exe ver 1.0.0.0
2021-03-25 16:12:26:103  [INFO      ] From D:\Dev\varcoded\ConanExiles\Conan-Exiles-Mod-Manager\CEMM\Win32\Debug\browser\cemmbrowser.exe
2021-03-25 16:12:26:103  [INFO      ] On jueves, marzo, 25 2021 04:12:26 p. m.
2021-03-25 16:12:26:103  [INFO      ] Created by:Salvador Fajardo Padron
2021-03-25 16:12:26:103  [INFO      ] Windows username: SFAJARDO
2021-03-25 16:12:26:103  [INFO      ] Running on computer: DESARROLLO02
2021-03-25 16:12:26:103  [INFO      ] --------------------------------------------------------------------------------------------------
2021-03-25 16:17:49:727  [INFO      ] --------------------------------------------------------------------------------------------------
2021-03-25 16:17:49:727  [INFO      ] Starting cemmbrowser.exe ver 1.0.0.0
2021-03-25 16:17:49:727  [INFO      ] From D:\Dev\varcoded\ConanExiles\Conan-Exiles-Mod-Manager\CEMM\Win32\Debug\browser\cemmbrowser.exe
2021-03-25 16:17:49:727  [INFO      ] On jueves, marzo, 25 2021 04:17:49 p. m.
2021-03-25 16:17:49:727  [INFO      ] Created by:Salvador Fajardo Padron
2021-03-25 16:17:49:727  [INFO      ] Windows username: SFAJARDO
2021-03-25 16:17:49:727  [INFO      ] Running on computer: DESARROLLO02
2021-03-25 16:17:49:727  [INFO      ] --------------------------------------------------------------------------------------------------
2021-03-25 16:20:11:287  [INFO      ] --------------------------------------------------------------------------------------------------
2021-03-25 16:20:11:287  [INFO      ] Starting cemmbrowser.exe ver 1.0.0.0
2021-03-25 16:20:11:287  [INFO      ] From D:\Dev\varcoded\ConanExiles\Conan-Exiles-Mod-Manager\CEMM\Win32\Debug\browser\cemmbrowser.exe
2021-03-25 16:20:11:287  [INFO      ] On jueves, marzo, 25 2021 04:20:11 p. m.
2021-03-25 16:20:11:287  [INFO      ] Created by:Salvador Fajardo Padron
2021-03-25 16:20:11:287  [INFO      ] Windows username: SFAJARDO
2021-03-25 16:20:11:287  [INFO      ] Running on computer: DESARROLLO02
2021-03-25 16:20:11:287  [INFO      ] --------------------------------------------------------------------------------------------------
2021-03-25 16:21:56:720  [INFO      ] --------------------------------------------------------------------------------------------------
2021-03-25 16:21:56:720  [INFO      ] Starting cemmbrowser.exe ver 1.0.0.0
2021-03-25 16:21:56:720  [INFO      ] From D:\Dev\varcoded\ConanExiles\Conan-Exiles-Mod-Manager\CEMM\Win32\Debug\browser\cemmbrowser.exe
2021-03-25 16:21:56:720  [INFO      ] On jueves, marzo, 25 2021 04:21:56 p. m.
2021-03-25 16:21:56:720  [INFO      ] Created by:Salvador Fajardo Padron
2021-03-25 16:21:56:720  [INFO      ] Windows username: SFAJARDO
2021-03-25 16:21:56:720  [INFO      ] Running on computer: DESARROLLO02
2021-03-25 16:21:56:720  [INFO      ] --------------------------------------------------------------------------------------------------
2021-03-25 16:25:12:601  [INFO      ] --------------------------------------------------------------------------------------------------
2021-03-25 16:25:12:601  [INFO      ] Starting cemmbrowser.exe ver 1.0.0.0
2021-03-25 16:25:12:601  [INFO      ] From D:\Dev\varcoded\ConanExiles\Conan-Exiles-Mod-Manager\CEMM\Win32\Debug\browser\cemmbrowser.exe
2021-03-25 16:25:12:601  [INFO      ] On jueves, marzo, 25 2021 04:25:12 p. m.
2021-03-25 16:25:12:601  [INFO      ] Created by:Salvador Fajardo Padron
2021-03-25 16:25:12:601  [INFO      ] Windows username: SFAJARDO
2021-03-25 16:25:12:601  [INFO      ] Running on computer: DESARROLLO02
2021-03-25 16:25:12:601  [INFO      ] --------------------------------------------------------------------------------------------------
2021-03-25 16:25:39:845  [INFO      ] --------------------------------------------------------------------------------------------------
2021-03-25 16:25:39:845  [INFO      ] Starting cemmbrowser.exe ver 1.0.0.0
2021-03-25 16:25:39:845  [INFO      ] From D:\Dev\varcoded\ConanExiles\Conan-Exiles-Mod-Manager\CEMM\Win32\Debug\browser\cemmbrowser.exe
2021-03-25 16:25:39:845  [INFO      ] On jueves, marzo, 25 2021 04:25:39 p. m.
2021-03-25 16:25:39:845  [INFO      ] Created by:Salvador Fajardo Padron
2021-03-25 16:25:39:845  [INFO      ] Windows username: SFAJARDO
2021-03-25 16:25:39:845  [INFO      ] Running on computer: DESARROLLO02
2021-03-25 16:25:39:845  [INFO      ] --------------------------------------------------------------------------------------------------
2021-03-25 16:26:09:186  [INFO      ] --------------------------------------------------------------------------------------------------
2021-03-25 16:26:09:186  [INFO      ] Starting cemmbrowser.exe ver 1.0.0.0
2021-03-25 16:26:09:186  [INFO      ] From D:\Dev\varcoded\ConanExiles\Conan-Exiles-Mod-Manager\CEMM\Win32\Debug\browser\cemmbrowser.exe
2021-03-25 16:26:09:186  [INFO      ] On jueves, marzo, 25 2021 04:26:09 p. m.
2021-03-25 16:26:09:186  [INFO      ] Created by:Salvador Fajardo Padron
2021-03-25 16:26:09:186  [INFO      ] Windows username: SFAJARDO
2021-03-25 16:26:09:186  [INFO      ] Running on computer: DESARROLLO02
2021-03-25 16:26:09:186  [INFO      ] --------------------------------------------------------------------------------------------------
2021-03-25 16:28:05:060  [INFO      ] --------------------------------------------------------------------------------------------------
2021-03-25 16:28:05:060  [INFO      ] Starting cemmbrowser.exe ver 1.0.0.0
2021-03-25 16:28:05:060  [INFO      ] From D:\Dev\varcoded\ConanExiles\Conan-Exiles-Mod-Manager\CEMM\Win32\Debug\browser\cemmbrowser.exe
2021-03-25 16:28:05:060  [INFO      ] On jueves, marzo, 25 2021 04:28:05 p. m.
2021-03-25 16:28:05:060  [INFO      ] Created by:Salvador Fajardo Padron
2021-03-25 16:28:05:060  [INFO      ] Windows username: SFAJARDO
2021-03-25 16:28:05:060  [INFO      ] Running on computer: DESARROLLO02
2021-03-25 16:28:05:060  [INFO      ] --------------------------------------------------------------------------------------------------
2021-03-25 16:29:27:509  [INFO      ] --------------------------------------------------------------------------------------------------
2021-03-25 16:29:27:509  [INFO      ] Starting cemmbrowser.exe ver 1.0.0.0
2021-03-25 16:29:27:509  [INFO      ] From D:\Dev\varcoded\ConanExiles\Conan-Exiles-Mod-Manager\CEMM\Win32\Debug\browser\cemmbrowser.exe
2021-03-25 16:29:27:509  [INFO      ] On jueves, marzo, 25 2021 04:29:27 p. m.
2021-03-25 16:29:27:509  [INFO      ] Created by:Salvador Fajardo Padron
2021-03-25 16:29:27:509  [INFO      ] Windows username: SFAJARDO
2021-03-25 16:29:27:509  [INFO      ] Running on computer: DESARROLLO02
2021-03-25 16:29:27:510  [INFO      ] --------------------------------------------------------------------------------------------------
2021-03-25 16:30:29:495  [INFO      ] --------------------------------------------------------------------------------------------------
2021-03-25 16:30:29:495  [INFO      ] Starting cemmbrowser.exe ver 1.0.0.0
2021-03-25 16:30:29:495  [INFO      ] From D:\Dev\varcoded\ConanExiles\Conan-Exiles-Mod-Manager\CEMM\Win32\Debug\Browser\cemmbrowser.exe
2021-03-25 16:30:29:495  [INFO      ] On jueves, marzo, 25 2021 04:30:29 p. m.
2021-03-25 16:30:29:495  [INFO      ] Created by:Salvador Fajardo Padron
2021-03-25 16:30:29:495  [INFO      ] Windows username: SFAJARDO
2021-03-25 16:30:29:495  [INFO      ] Running on computer: DESARROLLO02
2021-03-25 16:30:29:495  [INFO      ] --------------------------------------------------------------------------------------------------
2021-03-25 16:31:54:573  [INFO      ] --------------------------------------------------------------------------------------------------
2021-03-25 16:31:54:573  [INFO      ] Starting cemmbrowser.exe ver 1.0.0.0
2021-03-25 16:31:54:573  [INFO      ] From D:\Dev\varcoded\ConanExiles\Conan-Exiles-Mod-Manager\CEMM\Win32\Debug\browser\cemmbrowser.exe
2021-03-25 16:31:54:573  [INFO      ] On jueves, marzo, 25 2021 04:31:54 p. m.
2021-03-25 16:31:54:573  [INFO      ] Created by:Salvador Fajardo Padron
2021-03-25 16:31:54:573  [INFO      ] Windows username: SFAJARDO
2021-03-25 16:31:54:573  [INFO      ] Running on computer: DESARROLLO02
2021-03-25 16:31:54:573  [INFO      ] --------------------------------------------------------------------------------------------------
2021-03-25 16:37:50:265  [INFO      ] --------------------------------------------------------------------------------------------------
2021-03-25 16:37:50:265  [INFO      ] Starting cemmbrowser.exe ver 1.0.0.0
2021-03-25 16:37:50:265  [INFO      ] From D:\Dev\varcoded\ConanExiles\Conan-Exiles-Mod-Manager\CEMM\Win32\Debug\browser\cemmbrowser.exe
2021-03-25 16:37:50:265  [INFO      ] On jueves, marzo, 25 2021 04:37:50 p. m.
2021-03-25 16:37:50:265  [INFO      ] Created by:Salvador Fajardo Padron
2021-03-25 16:37:50:265  [INFO      ] Windows username: SFAJARDO
2021-03-25 16:37:50:265  [INFO      ] Running on computer: DESARROLLO02
2021-03-25 16:37:50:265  [INFO      ] --------------------------------------------------------------------------------------------------
2021-03-25 16:46:54:708  [INFO      ] --------------------------------------------------------------------------------------------------
2021-03-25 16:46:54:708  [INFO      ] Starting cemmbrowser.exe ver 1.0.0.0
2021-03-25 16:46:54:708  [INFO      ] From D:\Dev\varcoded\ConanExiles\Conan-Exiles-Mod-Manager\CEMM\Win32\Debug\browser\cemmbrowser.exe
2021-03-25 16:46:54:708  [INFO      ] On jueves, marzo, 25 2021 04:46:54 p. m.
2021-03-25 16:46:54:708  [INFO      ] Created by:Salvador Fajardo Padron
2021-03-25 16:46:54:708  [INFO      ] Windows username: SFAJARDO
2021-03-25 16:46:54:708  [INFO      ] Running on computer: DESARROLLO02
2021-03-25 16:46:54:708  [INFO      ] --------------------------------------------------------------------------------------------------
2021-03-26 17:47:55:390  [INFO      ] --------------------------------------------------------------------------------------------------
2021-03-26 17:47:55:390  [INFO      ] Starting cemmbrowser.exe ver 1.0.0.0
2021-03-26 17:47:55:390  [INFO      ] From D:\Dev\varcoded\ConanExiles\Conan-Exiles-Mod-Manager\CEMM\Win32\Debug\Browser\cemmbrowser.exe
2021-03-26 17:47:55:390  [INFO      ] On viernes, marzo, 26 2021 05:47:55 p. m.
2021-03-26 17:47:55:390  [INFO      ] Created by:Salvador Fajardo Padron
2021-03-26 17:47:55:390  [INFO      ] Windows username: SFAJARDO
2021-03-26 17:47:55:390  [INFO      ] Running on computer: DESARROLLO02
2021-03-26 17:47:55:390  [INFO      ] --------------------------------------------------------------------------------------------------
2021-03-26 17:48:35:804  [INFO      ] --------------------------------------------------------------------------------------------------
2021-03-26 17:48:35:804  [INFO      ] Starting cemmbrowser.exe ver 1.0.0.0
2021-03-26 17:48:35:804  [INFO      ] From D:\Dev\varcoded\ConanExiles\Conan-Exiles-Mod-Manager\CEMM\Win32\Debug\browser\cemmbrowser.exe
2021-03-26 17:48:35:804  [INFO      ] On viernes, marzo, 26 2021 05:48:35 p. m.
2021-03-26 17:48:35:804  [INFO      ] Created by:Salvador Fajardo Padron
2021-03-26 17:48:35:804  [INFO      ] Windows username: SFAJARDO
2021-03-26 17:48:35:804  [INFO      ] Running on computer: DESARROLLO02
2021-03-26 17:48:35:804  [INFO      ] --------------------------------------------------------------------------------------------------
2021-03-26 17:51:22:549  [INFO      ] --------------------------------------------------------------------------------------------------
2021-03-26 17:51:22:549  [INFO      ] Starting cemmbrowser.exe ver 1.0.0.0
2021-03-26 17:51:22:549  [INFO      ] From D:\Dev\varcoded\ConanExiles\Conan-Exiles-Mod-Manager\CEMM\Win32\Debug\browser\cemmbrowser.exe
2021-03-26 17:51:22:549  [INFO      ] On viernes, marzo, 26 2021 05:51:22 p. m.
2021-03-26 17:51:22:549  [INFO      ] Created by:Salvador Fajardo Padron
2021-03-26 17:51:22:549  [INFO      ] Windows username: SFAJARDO
2021-03-26 17:51:22:549  [INFO      ] Running on computer: DESARROLLO02
2021-03-26 17:51:22:549  [INFO      ] --------------------------------------------------------------------------------------------------
2021-03-26 17:52:51:946  [INFO      ] --------------------------------------------------------------------------------------------------
2021-03-26 17:52:51:946  [INFO      ] Starting cemmbrowser.exe ver 1.0.0.0
2021-03-26 17:52:51:946  [INFO      ] From D:\Dev\varcoded\ConanExiles\Conan-Exiles-Mod-Manager\CEMM\Win32\Debug\browser\cemmbrowser.exe
2021-03-26 17:52:51:946  [INFO      ] On viernes, marzo, 26 2021 05:52:51 p. m.
2021-03-26 17:52:51:946  [INFO      ] Created by:Salvador Fajardo Padron
2021-03-26 17:52:51:946  [INFO      ] Windows username: SFAJARDO
2021-03-26 17:52:51:946  [INFO      ] Running on computer: DESARROLLO02
2021-03-26 17:52:51:946  [INFO      ] --------------------------------------------------------------------------------------------------
2021-03-27 09:20:43:909  [INFO      ] --------------------------------------------------------------------------------------------------
2021-03-27 09:20:43:909  [INFO      ] Starting cemmbrowser.exe ver 1.0.0.0
2021-03-27 09:20:43:909  [INFO      ] From D:\Dev\varcoded\ConanExiles\Conan-Exiles-Mod-Manager\CEMM\Win32\Debug\browser\cemmbrowser.exe
2021-03-27 09:20:43:909  [INFO      ] On sábado, marzo, 27 2021 09:20:43 a. m.
2021-03-27 09:20:43:909  [INFO      ] Created by:Salvador Fajardo Padron
2021-03-27 09:20:43:909  [INFO      ] Windows username: SFAJARDO
2021-03-27 09:20:43:909  [INFO      ] Running on computer: DESARROLLO02
2021-03-27 09:20:43:909  [INFO      ] --------------------------------------------------------------------------------------------------
2021-03-27 09:22:28:806  [INFO      ] --------------------------------------------------------------------------------------------------
2021-03-27 09:22:28:806  [INFO      ] Starting cemmbrowser.exe ver 1.0.0.0
2021-03-27 09:22:28:806  [INFO      ] From D:\Dev\varcoded\ConanExiles\Conan-Exiles-Mod-Manager\CEMM\Win32\Debug\browser\cemmbrowser.exe
2021-03-27 09:22:28:806  [INFO      ] On sábado, marzo, 27 2021 09:22:28 a. m.
2021-03-27 09:22:28:806  [INFO      ] Created by:Salvador Fajardo Padron
2021-03-27 09:22:28:806  [INFO      ] Windows username: SFAJARDO
2021-03-27 09:22:28:806  [INFO      ] Running on computer: DESARROLLO02
2021-03-27 09:22:28:806  [INFO      ] --------------------------------------------------------------------------------------------------
2021-03-27 09:32:44:105  [INFO      ] --------------------------------------------------------------------------------------------------
2021-03-27 09:32:44:105  [INFO      ] Starting cemmbrowser.exe ver 1.0.0.0
2021-03-27 09:32:44:105  [INFO      ] From D:\Dev\varcoded\ConanExiles\Conan-Exiles-Mod-Manager\CEMM\Win32\Debug\browser\cemmbrowser.exe
2021-03-27 09:32:44:105  [INFO      ] On sábado, marzo, 27 2021 09:32:44 a. m.
2021-03-27 09:32:44:105  [INFO      ] Created by:Salvador Fajardo Padron
2021-03-27 09:32:44:105  [INFO      ] Windows username: SFAJARDO
2021-03-27 09:32:44:105  [INFO      ] Running on computer: DESARROLLO02
2021-03-27 09:32:44:105  [INFO      ] --------------------------------------------------------------------------------------------------
2021-03-27 09:37:06:190  [INFO      ] --------------------------------------------------------------------------------------------------
2021-03-27 09:37:06:190  [INFO      ] Starting cemmbrowser.exe ver 1.0.0.0
2021-03-27 09:37:06:190  [INFO      ] From D:\Dev\varcoded\ConanExiles\Conan-Exiles-Mod-Manager\CEMM\Win32\Debug\browser\cemmbrowser.exe
2021-03-27 09:37:06:190  [INFO      ] On sábado, marzo, 27 2021 09:37:06 a. m.
2021-03-27 09:37:06:190  [INFO      ] Created by:Salvador Fajardo Padron
2021-03-27 09:37:06:190  [INFO      ] Windows username: SFAJARDO
2021-03-27 09:37:06:190  [INFO      ] Running on computer: DESARROLLO02
2021-03-27 09:37:06:190  [INFO      ] --------------------------------------------------------------------------------------------------
2021-03-27 10:00:57:196  [INFO      ] --------------------------------------------------------------------------------------------------
2021-03-27 10:00:57:196  [INFO      ] Starting cemmbrowser.exe ver 1.0.0.0
2021-03-27 10:00:57:196  [INFO      ] From D:\Dev\varcoded\ConanExiles\Conan-Exiles-Mod-Manager\CEMM\Win32\Debug\browser\cemmbrowser.exe
2021-03-27 10:00:57:196  [INFO      ] On sábado, marzo, 27 2021 10:00:57 a. m.
2021-03-27 10:00:57:196  [INFO      ] Created by:Salvador Fajardo Padron
2021-03-27 10:00:57:196  [INFO      ] Windows username: SFAJARDO
2021-03-27 10:00:57:196  [INFO      ] Running on computer: DESARROLLO02
2021-03-27 10:00:57:196  [INFO      ] --------------------------------------------------------------------------------------------------
2021-03-27 10:02:33:024  [INFO      ] --------------------------------------------------------------------------------------------------
2021-03-27 10:02:33:024  [INFO      ] Starting cemmbrowser.exe ver 1.0.0.0
2021-03-27 10:02:33:024  [INFO      ] From D:\Dev\varcoded\ConanExiles\Conan-Exiles-Mod-Manager\CEMM\Win32\Debug\browser\cemmbrowser.exe
2021-03-27 10:02:33:024  [INFO      ] On sábado, marzo, 27 2021 10:02:33 a. m.
2021-03-27 10:02:33:024  [INFO      ] Created by:Salvador Fajardo Padron
2021-03-27 10:02:33:024  [INFO      ] Windows username: SFAJARDO
2021-03-27 10:02:33:024  [INFO      ] Running on computer: DESARROLLO02
2021-03-27 10:02:33:024  [INFO      ] --------------------------------------------------------------------------------------------------
2021-03-27 10:04:43:028  [INFO      ] --------------------------------------------------------------------------------------------------
2021-03-27 10:04:43:028  [INFO      ] Starting cemmbrowser.exe ver 1.0.0.0
2021-03-27 10:04:43:028  [INFO      ] From D:\Dev\varcoded\ConanExiles\Conan-Exiles-Mod-Manager\CEMM\Win32\Debug\browser\cemmbrowser.exe
2021-03-27 10:04:43:028  [INFO      ] On sábado, marzo, 27 2021 10:04:43 a. m.
2021-03-27 10:04:43:028  [INFO      ] Created by:Salvador Fajardo Padron
2021-03-27 10:04:43:028  [INFO      ] Windows username: SFAJARDO
2021-03-27 10:04:43:028  [INFO      ] Running on computer: DESARROLLO02
2021-03-27 10:04:43:028  [INFO      ] --------------------------------------------------------------------------------------------------
2021-03-27 10:07:09:370  [INFO      ] --------------------------------------------------------------------------------------------------
2021-03-27 10:07:09:526  [INFO      ] Starting cemmbrowser.exe ver 1.0.0.0
2021-03-27 10:07:09:526  [INFO      ] From D:\Dev\varcoded\ConanExiles\Conan-Exiles-Mod-Manager\CEMM\Win32\Debug\Browser\cemmbrowser.exe
2021-03-27 10:07:09:526  [INFO      ] On sábado, marzo, 27 2021 10:07:09 a. m.
2021-03-27 10:07:09:526  [INFO      ] Created by:Salvador Fajardo Padron
2021-03-27 10:07:09:526  [INFO      ] Windows username: SFAJARDO
2021-03-27 10:07:09:526  [INFO      ] Running on computer: DESARROLLO02
2021-03-27 10:07:09:526  [INFO      ] --------------------------------------------------------------------------------------------------
2021-03-27 10:23:58:350  [INFO      ] --------------------------------------------------------------------------------------------------
2021-03-27 10:23:58:350  [INFO      ] Starting cemmbrowser.exe ver 1.0.0.0
2021-03-27 10:23:58:350  [INFO      ] From D:\Dev\varcoded\ConanExiles\Conan-Exiles-Mod-Manager\CEMM\Win32\Debug\browser\cemmbrowser.exe
2021-03-27 10:23:58:350  [INFO      ] On sábado, marzo, 27 2021 10:23:58 a. m.
2021-03-27 10:23:58:350  [INFO      ] Created by:Salvador Fajardo Padron
2021-03-27 10:23:58:350  [INFO      ] Windows username: SFAJARDO
2021-03-27 10:23:58:350  [INFO      ] Running on computer: DESARROLLO02
2021-03-27 10:23:58:351  [INFO      ] --------------------------------------------------------------------------------------------------
2021-03-27 10:24:53:143  [INFO      ] --------------------------------------------------------------------------------------------------
2021-03-27 10:24:53:143  [INFO      ] Starting cemmbrowser.exe ver 1.0.0.0
2021-03-27 10:24:53:143  [INFO      ] From D:\Dev\varcoded\ConanExiles\Conan-Exiles-Mod-Manager\CEMM\Win32\Debug\browser\cemmbrowser.exe
2021-03-27 10:24:53:143  [INFO      ] On sábado, marzo, 27 2021 10:24:53 a. m.
2021-03-27 10:24:53:143  [INFO      ] Created by:Salvador Fajardo Padron
2021-03-27 10:24:53:143  [INFO      ] Windows username: SFAJARDO
2021-03-27 10:24:53:143  [INFO      ] Running on computer: DESARROLLO02
2021-03-27 10:24:53:143  [INFO      ] --------------------------------------------------------------------------------------------------
2021-03-27 10:26:05:806  [INFO      ] --------------------------------------------------------------------------------------------------
2021-03-27 10:26:05:806  [INFO      ] Starting cemmbrowser.exe ver 1.0.0.0
2021-03-27 10:26:05:806  [INFO      ] From D:\Dev\varcoded\ConanExiles\Conan-Exiles-Mod-Manager\CEMM\Win32\Debug\browser\cemmbrowser.exe
2021-03-27 10:26:05:806  [INFO      ] On sábado, marzo, 27 2021 10:26:05 a. m.
2021-03-27 10:26:05:806  [INFO      ] Created by:Salvador Fajardo Padron
2021-03-27 10:26:05:806  [INFO      ] Windows username: SFAJARDO
2021-03-27 10:26:05:806  [INFO      ] Running on computer: DESARROLLO02
2021-03-27 10:26:05:806  [INFO      ] --------------------------------------------------------------------------------------------------
2021-03-27 10:27:36:303  [INFO      ] --------------------------------------------------------------------------------------------------
2021-03-27 10:27:36:303  [INFO      ] Starting cemmbrowser.exe ver 1.0.0.0
2021-03-27 10:27:36:303  [INFO      ] From D:\Dev\varcoded\ConanExiles\Conan-Exiles-Mod-Manager\CEMM\Win32\Debug\Browser\cemmbrowser.exe
2021-03-27 10:27:36:303  [INFO      ] On sábado, marzo, 27 2021 10:27:36 a. m.
2021-03-27 10:27:36:303  [INFO      ] Created by:Salvador Fajardo Padron
2021-03-27 10:27:36:303  [INFO      ] Windows username: SFAJARDO
2021-03-27 10:27:36:303  [INFO      ] Running on computer: DESARROLLO02
2021-03-27 10:27:36:303  [INFO      ] --------------------------------------------------------------------------------------------------
2021-03-27 10:28:55:011  [INFO      ] --------------------------------------------------------------------------------------------------
2021-03-27 10:28:55:011  [INFO      ] Starting cemmbrowser.exe ver 1.0.0.0
2021-03-27 10:28:55:011  [INFO      ] From D:\Dev\varcoded\ConanExiles\Conan-Exiles-Mod-Manager\CEMM\Win32\Debug\browser\cemmbrowser.exe
2021-03-27 10:28:55:011  [INFO      ] On sábado, marzo, 27 2021 10:28:55 a. m.
2021-03-27 10:28:55:011  [INFO      ] Created by:Salvador Fajardo Padron
2021-03-27 10:28:55:011  [INFO      ] Windows username: SFAJARDO
2021-03-27 10:28:55:011  [INFO      ] Running on computer: DESARROLLO02
2021-03-27 10:28:55:011  [INFO      ] --------------------------------------------------------------------------------------------------
2021-03-27 11:02:20:228  [INFO      ] --------------------------------------------------------------------------------------------------
2021-03-27 11:02:20:228  [INFO      ] Starting cemmbrowser.exe ver 1.0.0.0
2021-03-27 11:02:20:228  [INFO      ] From D:\Dev\varcoded\ConanExiles\Conan-Exiles-Mod-Manager\CEMM\Win32\Debug\browser\cemmbrowser.exe
2021-03-27 11:02:20:228  [INFO      ] On sábado, marzo, 27 2021 11:02:20 a. m.
2021-03-27 11:02:20:228  [INFO      ] Created by:Salvador Fajardo Padron
2021-03-27 11:02:20:228  [INFO      ] Windows username: SFAJARDO
2021-03-27 11:02:20:228  [INFO      ] Running on computer: DESARROLLO02
2021-03-27 11:02:20:228  [INFO      ] --------------------------------------------------------------------------------------------------
2021-03-27 11:05:21:027  [INFO      ] --------------------------------------------------------------------------------------------------
2021-03-27 11:05:21:027  [INFO      ] Starting cemmbrowser.exe ver 1.0.0.0
2021-03-27 11:05:21:027  [INFO      ] From D:\Dev\varcoded\ConanExiles\Conan-Exiles-Mod-Manager\CEMM\Win32\Debug\browser\cemmbrowser.exe
2021-03-27 11:05:21:027  [INFO      ] On sábado, marzo, 27 2021 11:05:21 a. m.
2021-03-27 11:05:21:027  [INFO      ] Created by:Salvador Fajardo Padron
2021-03-27 11:05:21:027  [INFO      ] Windows username: SFAJARDO
2021-03-27 11:05:21:027  [INFO      ] Running on computer: DESARROLLO02
2021-03-27 11:05:21:027  [INFO      ] --------------------------------------------------------------------------------------------------
2021-03-27 11:06:45:384  [INFO      ] --------------------------------------------------------------------------------------------------
2021-03-27 11:06:45:384  [INFO      ] Starting cemmbrowser.exe ver 1.0.0.0
2021-03-27 11:06:45:384  [INFO      ] From D:\Dev\varcoded\ConanExiles\Conan-Exiles-Mod-Manager\CEMM\Win32\Debug\browser\cemmbrowser.exe
2021-03-27 11:06:45:384  [INFO      ] On sábado, marzo, 27 2021 11:06:45 a. m.
2021-03-27 11:06:45:384  [INFO      ] Created by:Salvador Fajardo Padron
2021-03-27 11:06:45:384  [INFO      ] Windows username: SFAJARDO
2021-03-27 11:06:45:384  [INFO      ] Running on computer: DESARROLLO02
2021-03-27 11:06:45:384  [INFO      ] --------------------------------------------------------------------------------------------------
2021-03-27 11:11:14:328  [INFO      ] --------------------------------------------------------------------------------------------------
2021-03-27 11:11:14:328  [INFO      ] Starting cemmbrowser.exe ver 1.0.0.0
2021-03-27 11:11:14:328  [INFO      ] From D:\Dev\varcoded\ConanExiles\Conan-Exiles-Mod-Manager\CEMM\Win32\Debug\browser\cemmbrowser.exe
2021-03-27 11:11:14:328  [INFO      ] On sábado, marzo, 27 2021 11:11:14 a. m.
2021-03-27 11:11:14:328  [INFO      ] Created by:Salvador Fajardo Padron
2021-03-27 11:11:14:328  [INFO      ] Windows username: SFAJARDO
2021-03-27 11:11:14:328  [INFO      ] Running on computer: DESARROLLO02
2021-03-27 11:11:14:328  [INFO      ] --------------------------------------------------------------------------------------------------
2021-03-27 11:13:59:453  [INFO      ] --------------------------------------------------------------------------------------------------
2021-03-27 11:13:59:453  [INFO      ] Starting cemmbrowser.exe ver 1.0.0.0
2021-03-27 11:13:59:453  [INFO      ] From D:\Dev\varcoded\ConanExiles\Conan-Exiles-Mod-Manager\CEMM\Win32\Debug\browser\cemmbrowser.exe
2021-03-27 11:13:59:453  [INFO      ] On sábado, marzo, 27 2021 11:13:59 a. m.
2021-03-27 11:13:59:453  [INFO      ] Created by:Salvador Fajardo Padron
2021-03-27 11:13:59:453  [INFO      ] Windows username: SFAJARDO
2021-03-27 11:13:59:453  [INFO      ] Running on computer: DESARROLLO02
2021-03-27 11:13:59:453  [INFO      ] --------------------------------------------------------------------------------------------------
2021-03-27 11:17:43:772  [INFO      ] --------------------------------------------------------------------------------------------------
2021-03-27 11:17:43:772  [INFO      ] Starting cemmbrowser.exe ver 1.0.0.0
2021-03-27 11:17:43:772  [INFO      ] From D:\Dev\varcoded\ConanExiles\Conan-Exiles-Mod-Manager\CEMM\Win32\Debug\browser\cemmbrowser.exe
2021-03-27 11:17:43:772  [INFO      ] On sábado, marzo, 27 2021 11:17:43 a. m.
2021-03-27 11:17:43:772  [INFO      ] Created by:Salvador Fajardo Padron
2021-03-27 11:17:43:772  [INFO      ] Windows username: SFAJARDO
2021-03-27 11:17:43:772  [INFO      ] Running on computer: DESARROLLO02
2021-03-27 11:17:43:772  [INFO      ] --------------------------------------------------------------------------------------------------
2021-03-27 11:19:20:449  [INFO      ] --------------------------------------------------------------------------------------------------
2021-03-27 11:19:20:449  [INFO      ] Starting cemmbrowser.exe ver 1.0.0.0
2021-03-27 11:19:20:449  [INFO      ] From D:\Dev\varcoded\ConanExiles\Conan-Exiles-Mod-Manager\CEMM\Win32\Debug\browser\cemmbrowser.exe
2021-03-27 11:19:20:449  [INFO      ] On sábado, marzo, 27 2021 11:19:20 a. m.
2021-03-27 11:19:20:449  [INFO      ] Created by:Salvador Fajardo Padron
2021-03-27 11:19:20:449  [INFO      ] Windows username: SFAJARDO
2021-03-27 11:19:20:449  [INFO      ] Running on computer: DESARROLLO02
2021-03-27 11:19:20:449  [INFO      ] --------------------------------------------------------------------------------------------------
2021-03-27 11:21:57:860  [INFO      ] --------------------------------------------------------------------------------------------------
2021-03-27 11:21:57:860  [INFO      ] Starting cemmbrowser.exe ver 1.0.0.0
2021-03-27 11:21:57:860  [INFO      ] From D:\Dev\varcoded\ConanExiles\Conan-Exiles-Mod-Manager\CEMM\Win32\Debug\browser\cemmbrowser.exe
2021-03-27 11:21:57:860  [INFO      ] On sábado, marzo, 27 2021 11:21:57 a. m.
2021-03-27 11:21:57:860  [INFO      ] Created by:Salvador Fajardo Padron
2021-03-27 11:21:57:860  [INFO      ] Windows username: SFAJARDO
2021-03-27 11:21:57:860  [INFO      ] Running on computer: DESARROLLO02
2021-03-27 11:21:57:860  [INFO      ] --------------------------------------------------------------------------------------------------
2021-03-27 11:26:21:371  [INFO      ] --------------------------------------------------------------------------------------------------
2021-03-27 11:26:21:371  [INFO      ] Starting cemmbrowser.exe ver 1.0.0.0
2021-03-27 11:26:21:371  [INFO      ] From D:\Dev\varcoded\ConanExiles\Conan-Exiles-Mod-Manager\CEMM\Win32\Debug\browser\cemmbrowser.exe
2021-03-27 11:26:21:371  [INFO      ] On sábado, marzo, 27 2021 11:26:21 a. m.
2021-03-27 11:26:21:371  [INFO      ] Created by:Salvador Fajardo Padron
2021-03-27 11:26:21:371  [INFO      ] Windows username: SFAJARDO
2021-03-27 11:26:21:371  [INFO      ] Running on computer: DESARROLLO02
2021-03-27 11:26:21:371  [INFO      ] --------------------------------------------------------------------------------------------------
2021-03-27 11:31:22:244  [INFO      ] --------------------------------------------------------------------------------------------------
2021-03-27 11:31:22:244  [INFO      ] Starting cemmbrowser.exe ver 1.0.0.0
2021-03-27 11:31:22:244  [INFO      ] From D:\Dev\varcoded\ConanExiles\Conan-Exiles-Mod-Manager\CEMM\Win32\Debug\browser\cemmbrowser.exe
2021-03-27 11:31:22:244  [INFO      ] On sábado, marzo, 27 2021 11:31:22 a. m.
2021-03-27 11:31:22:244  [INFO      ] Created by:Salvador Fajardo Padron
2021-03-27 11:31:22:244  [INFO      ] Windows username: SFAJARDO
2021-03-27 11:31:22:244  [INFO      ] Running on computer: DESARROLLO02
2021-03-27 11:31:22:244  [INFO      ] --------------------------------------------------------------------------------------------------
2021-03-27 11:32:48:579  [INFO      ] --------------------------------------------------------------------------------------------------
2021-03-27 11:32:48:579  [INFO      ] Starting cemmbrowser.exe ver 1.0.0.0
2021-03-27 11:32:48:579  [INFO      ] From D:\Dev\varcoded\ConanExiles\Conan-Exiles-Mod-Manager\CEMM\Win32\Debug\browser\cemmbrowser.exe
2021-03-27 11:32:48:579  [INFO      ] On sábado, marzo, 27 2021 11:32:48 a. m.
2021-03-27 11:32:48:579  [INFO      ] Created by:Salvador Fajardo Padron
2021-03-27 11:32:48:579  [INFO      ] Windows username: SFAJARDO
2021-03-27 11:32:48:579  [INFO      ] Running on computer: DESARROLLO02
2021-03-27 11:32:48:579  [INFO      ] --------------------------------------------------------------------------------------------------
2021-03-27 11:33:14:294  [INFO      ] --------------------------------------------------------------------------------------------------
2021-03-27 11:33:14:294  [INFO      ] Starting cemmbrowser.exe ver 1.0.0.0
2021-03-27 11:33:14:294  [INFO      ] From D:\Dev\varcoded\ConanExiles\Conan-Exiles-Mod-Manager\CEMM\Win32\Debug\browser\cemmbrowser.exe
2021-03-27 11:33:14:294  [INFO      ] On sábado, marzo, 27 2021 11:33:14 a. m.
2021-03-27 11:33:14:294  [INFO      ] Created by:Salvador Fajardo Padron
2021-03-27 11:33:14:294  [INFO      ] Windows username: SFAJARDO
2021-03-27 11:33:14:294  [INFO      ] Running on computer: DESARROLLO02
2021-03-27 11:33:14:294  [INFO      ] --------------------------------------------------------------------------------------------------
2021-03-27 11:37:00:740  [INFO      ] --------------------------------------------------------------------------------------------------
2021-03-27 11:37:00:740  [INFO      ] Starting cemmbrowser.exe ver 1.0.0.0
2021-03-27 11:37:00:740  [INFO      ] From D:\Dev\varcoded\ConanExiles\Conan-Exiles-Mod-Manager\CEMM\Win32\Debug\browser\cemmbrowser.exe
2021-03-27 11:37:00:740  [INFO      ] On sábado, marzo, 27 2021 11:37:00 a. m.
2021-03-27 11:37:00:740  [INFO      ] Created by:Salvador Fajardo Padron
2021-03-27 11:37:00:740  [INFO      ] Windows username: SFAJARDO
2021-03-27 11:37:00:740  [INFO      ] Running on computer: DESARROLLO02
2021-03-27 11:37:00:740  [INFO      ] --------------------------------------------------------------------------------------------------
2021-03-27 11:38:12:697  [INFO      ] --------------------------------------------------------------------------------------------------
2021-03-27 11:38:12:697  [INFO      ] Starting cemmbrowser.exe ver 1.0.0.0
2021-03-27 11:38:12:697  [INFO      ] From D:\Dev\varcoded\ConanExiles\Conan-Exiles-Mod-Manager\CEMM\Win32\Debug\browser\cemmbrowser.exe
2021-03-27 11:38:12:697  [INFO      ] On sábado, marzo, 27 2021 11:38:12 a. m.
2021-03-27 11:38:12:697  [INFO      ] Created by:Salvador Fajardo Padron
2021-03-27 11:38:12:697  [INFO      ] Windows username: SFAJARDO
2021-03-27 11:38:12:697  [INFO      ] Running on computer: DESARROLLO02
2021-03-27 11:38:12:697  [INFO      ] --------------------------------------------------------------------------------------------------
2021-03-27 11:45:14:637  [INFO      ] --------------------------------------------------------------------------------------------------
2021-03-27 11:45:14:638  [INFO      ] Starting cemmbrowser.exe ver 1.0.0.0
2021-03-27 11:45:14:638  [INFO      ] From D:\Dev\varcoded\ConanExiles\Conan-Exiles-Mod-Manager\CEMM\Win32\Debug\browser\cemmbrowser.exe
2021-03-27 11:45:14:638  [INFO      ] On sábado, marzo, 27 2021 11:45:14 a. m.
2021-03-27 11:45:14:638  [INFO      ] Created by:Salvador Fajardo Padron
2021-03-27 11:45:14:638  [INFO      ] Windows username: SFAJARDO
2021-03-27 11:45:14:638  [INFO      ] Running on computer: DESARROLLO02
2021-03-27 11:45:14:638  [INFO      ] --------------------------------------------------------------------------------------------------
2021-03-27 11:46:01:633  [INFO      ] --------------------------------------------------------------------------------------------------
2021-03-27 11:46:01:633  [INFO      ] Starting cemmbrowser.exe ver 1.0.0.0
2021-03-27 11:46:01:633  [INFO      ] From D:\Dev\varcoded\ConanExiles\Conan-Exiles-Mod-Manager\CEMM\Win32\Debug\browser\cemmbrowser.exe
2021-03-27 11:46:01:633  [INFO      ] On sábado, marzo, 27 2021 11:46:01 a. m.
2021-03-27 11:46:01:633  [INFO      ] Created by:Salvador Fajardo Padron
2021-03-27 11:46:01:633  [INFO      ] Windows username: SFAJARDO
2021-03-27 11:46:01:633  [INFO      ] Running on computer: DESARROLLO02
2021-03-27 11:46:01:633  [INFO      ] --------------------------------------------------------------------------------------------------
2021-03-27 11:47:03:084  [INFO      ] --------------------------------------------------------------------------------------------------
2021-03-27 11:47:03:084  [INFO      ] Starting cemmbrowser.exe ver 1.0.0.0
2021-03-27 11:47:03:084  [INFO      ] From D:\Dev\varcoded\ConanExiles\Conan-Exiles-Mod-Manager\CEMM\Win32\Debug\browser\cemmbrowser.exe
2021-03-27 11:47:03:084  [INFO      ] On sábado, marzo, 27 2021 11:47:03 a. m.
2021-03-27 11:47:03:084  [INFO      ] Created by:Salvador Fajardo Padron
2021-03-27 11:47:03:084  [INFO      ] Windows username: SFAJARDO
2021-03-27 11:47:03:084  [INFO      ] Running on computer: DESARROLLO02
2021-03-27 11:47:03:084  [INFO      ] --------------------------------------------------------------------------------------------------
2021-03-27 11:48:57:757  [INFO      ] --------------------------------------------------------------------------------------------------
2021-03-27 11:48:57:757  [INFO      ] Starting cemmbrowser.exe ver 1.0.0.0
2021-03-27 11:48:57:757  [INFO      ] From D:\Dev\varcoded\ConanExiles\Conan-Exiles-Mod-Manager\CEMM\Win32\Debug\browser\cemmbrowser.exe
2021-03-27 11:48:57:757  [INFO      ] On sábado, marzo, 27 2021 11:48:57 a. m.
2021-03-27 11:48:57:757  [INFO      ] Created by:Salvador Fajardo Padron
2021-03-27 11:48:57:757  [INFO      ] Windows username: SFAJARDO
2021-03-27 11:48:57:757  [INFO      ] Running on computer: DESARROLLO02
2021-03-27 11:48:57:757  [INFO      ] --------------------------------------------------------------------------------------------------
2021-03-27 11:50:40:092  [INFO      ] --------------------------------------------------------------------------------------------------
2021-03-27 11:50:40:092  [INFO      ] Starting cemmbrowser.exe ver 1.0.0.0
2021-03-27 11:50:40:092  [INFO      ] From D:\Dev\varcoded\ConanExiles\Conan-Exiles-Mod-Manager\CEMM\Win32\Debug\browser\cemmbrowser.exe
2021-03-27 11:50:40:092  [INFO      ] On sábado, marzo, 27 2021 11:50:40 a. m.
2021-03-27 11:50:40:092  [INFO      ] Created by:Salvador Fajardo Padron
2021-03-27 11:50:40:092  [INFO      ] Windows username: SFAJARDO
2021-03-27 11:50:40:092  [INFO      ] Running on computer: DESARROLLO02
2021-03-27 11:50:40:092  [INFO      ] --------------------------------------------------------------------------------------------------
2021-03-27 11:54:19:131  [INFO      ] --------------------------------------------------------------------------------------------------
2021-03-27 11:54:19:131  [INFO      ] Starting cemmbrowser.exe ver 1.0.0.0
2021-03-27 11:54:19:131  [INFO      ] From D:\Dev\varcoded\ConanExiles\Conan-Exiles-Mod-Manager\CEMM\Win32\Debug\browser\cemmbrowser.exe
2021-03-27 11:54:19:131  [INFO      ] On sábado, marzo, 27 2021 11:54:19 a. m.
2021-03-27 11:54:19:131  [INFO      ] Created by:Salvador Fajardo Padron
2021-03-27 11:54:19:131  [INFO      ] Windows username: SFAJARDO
2021-03-27 11:54:19:131  [INFO      ] Running on computer: DESARROLLO02
2021-03-27 11:54:19:131  [INFO      ] --------------------------------------------------------------------------------------------------
2021-03-27 11:55:21:204  [INFO      ] --------------------------------------------------------------------------------------------------
2021-03-27 11:55:21:204  [INFO      ] Starting cemmbrowser.exe ver 1.0.0.0
2021-03-27 11:55:21:204  [INFO      ] From D:\Dev\varcoded\ConanExiles\Conan-Exiles-Mod-Manager\CEMM\Win32\Debug\browser\cemmbrowser.exe
2021-03-27 11:55:21:204  [INFO      ] On sábado, marzo, 27 2021 11:55:21 a. m.
2021-03-27 11:55:21:204  [INFO      ] Created by:Salvador Fajardo Padron
2021-03-27 11:55:21:204  [INFO      ] Windows username: SFAJARDO
2021-03-27 11:55:21:204  [INFO      ] Running on computer: DESARROLLO02
2021-03-27 11:55:21:204  [INFO      ] --------------------------------------------------------------------------------------------------
2021-03-27 11:55:54:138  [INFO      ] --------------------------------------------------------------------------------------------------
2021-03-27 11:55:54:138  [INFO      ] Starting cemmbrowser.exe ver 1.0.0.0
2021-03-27 11:55:54:138  [INFO      ] From D:\Dev\varcoded\ConanExiles\Conan-Exiles-Mod-Manager\CEMM\Win32\Debug\browser\cemmbrowser.exe
2021-03-27 11:55:54:138  [INFO      ] On sábado, marzo, 27 2021 11:55:54 a. m.
2021-03-27 11:55:54:138  [INFO      ] Created by:Salvador Fajardo Padron
2021-03-27 11:55:54:138  [INFO      ] Windows username: SFAJARDO
2021-03-27 11:55:54:138  [INFO      ] Running on computer: DESARROLLO02
2021-03-27 11:55:54:138  [INFO      ] --------------------------------------------------------------------------------------------------
2021-03-27 11:57:21:093  [INFO      ] --------------------------------------------------------------------------------------------------
2021-03-27 11:57:21:093  [INFO      ] Starting cemmbrowser.exe ver 1.0.0.0
2021-03-27 11:57:21:093  [INFO      ] From D:\Dev\varcoded\ConanExiles\Conan-Exiles-Mod-Manager\CEMM\Win32\Debug\Browser\cemmbrowser.exe
2021-03-27 11:57:21:093  [INFO      ] On sábado, marzo, 27 2021 11:57:21 a. m.
2021-03-27 11:57:21:093  [INFO      ] Created by:Salvador Fajardo Padron
2021-03-27 11:57:21:093  [INFO      ] Windows username: SFAJARDO
2021-03-27 11:57:21:093  [INFO      ] Running on computer: DESARROLLO02
2021-03-27 11:57:21:093  [INFO      ] --------------------------------------------------------------------------------------------------
2021-03-27 11:59:01:096  [INFO      ] --------------------------------------------------------------------------------------------------
2021-03-27 11:59:01:096  [INFO      ] Starting cemmbrowser.exe ver 1.0.0.0
2021-03-27 11:59:01:096  [INFO      ] From D:\Dev\varcoded\ConanExiles\Conan-Exiles-Mod-Manager\CEMM\Win32\Debug\browser\cemmbrowser.exe
2021-03-27 11:59:01:096  [INFO      ] On sábado, marzo, 27 2021 11:59:01 a. m.
2021-03-27 11:59:01:096  [INFO      ] Created by:Salvador Fajardo Padron
2021-03-27 11:59:01:096  [INFO      ] Windows username: SFAJARDO
2021-03-27 11:59:01:096  [INFO      ] Running on computer: DESARROLLO02
2021-03-27 11:59:01:096  [INFO      ] --------------------------------------------------------------------------------------------------
2021-03-27 12:01:51:653  [INFO      ] --------------------------------------------------------------------------------------------------
2021-03-27 12:01:51:653  [INFO      ] Starting cemmbrowser.exe ver 1.0.0.0
2021-03-27 12:01:51:653  [INFO      ] From D:\Dev\varcoded\ConanExiles\Conan-Exiles-Mod-Manager\CEMM\Win32\Debug\browser\cemmbrowser.exe
2021-03-27 12:01:51:653  [INFO      ] On sábado, marzo, 27 2021 12:01:51 p. m.
2021-03-27 12:01:51:653  [INFO      ] Created by:Salvador Fajardo Padron
2021-03-27 12:01:51:653  [INFO      ] Windows username: SFAJARDO
2021-03-27 12:01:51:653  [INFO      ] Running on computer: DESARROLLO02
2021-03-27 12:01:51:653  [INFO      ] --------------------------------------------------------------------------------------------------
2021-03-27 12:03:42:636  [INFO      ] --------------------------------------------------------------------------------------------------
2021-03-27 12:03:42:636  [INFO      ] Starting cemmbrowser.exe ver 1.0.0.0
2021-03-27 12:03:42:637  [INFO      ] From D:\Dev\varcoded\ConanExiles\Conan-Exiles-Mod-Manager\CEMM\Win32\Debug\Browser\cemmbrowser.exe
2021-03-27 12:03:42:637  [INFO      ] On sábado, marzo, 27 2021 12:03:42 p. m.
2021-03-27 12:03:42:637  [INFO      ] Created by:Salvador Fajardo Padron
2021-03-27 12:03:42:637  [INFO      ] Windows username: SFAJARDO
2021-03-27 12:03:42:637  [INFO      ] Running on computer: DESARROLLO02
2021-03-27 12:03:42:637  [INFO      ] --------------------------------------------------------------------------------------------------
2021-03-27 12:04:41:640  [INFO      ] --------------------------------------------------------------------------------------------------
2021-03-27 12:04:41:640  [INFO      ] Starting cemmbrowser.exe ver 1.0.0.0
2021-03-27 12:04:41:640  [INFO      ] From D:\Dev\varcoded\ConanExiles\Conan-Exiles-Mod-Manager\CEMM\Win32\Debug\browser\cemmbrowser.exe
2021-03-27 12:04:41:640  [INFO      ] On sábado, marzo, 27 2021 12:04:41 p. m.
2021-03-27 12:04:41:640  [INFO      ] Created by:Salvador Fajardo Padron
2021-03-27 12:04:41:640  [INFO      ] Windows username: SFAJARDO
2021-03-27 12:04:41:640  [INFO      ] Running on computer: DESARROLLO02
2021-03-27 12:04:41:640  [INFO      ] --------------------------------------------------------------------------------------------------
2021-03-27 12:40:47:319  [INFO      ] --------------------------------------------------------------------------------------------------
2021-03-27 12:40:47:319  [INFO      ] Starting cemmbrowser.exe ver 1.0.0.0
2021-03-27 12:40:47:319  [INFO      ] From D:\Dev\varcoded\ConanExiles\Conan-Exiles-Mod-Manager\CEMM\Win32\Debug\browser\cemmbrowser.exe
2021-03-27 12:40:47:319  [INFO      ] On sábado, marzo, 27 2021 12:40:47 p. m.
2021-03-27 12:40:47:319  [INFO      ] Created by:Salvador Fajardo Padron
2021-03-27 12:40:47:319  [INFO      ] Windows username: SFAJARDO
2021-03-27 12:40:47:319  [INFO      ] Running on computer: DESARROLLO02
2021-03-27 12:40:47:319  [INFO      ] --------------------------------------------------------------------------------------------------
2021-03-29 08:50:00:715  [INFO      ] --------------------------------------------------------------------------------------------------
2021-03-29 08:50:00:715  [INFO      ] Starting cemmbrowser.exe ver 1.0.0.0
2021-03-29 08:50:00:715  [INFO      ] From D:\Dev\varcoded\ConanExiles\Conan-Exiles-Mod-Manager\CEMM\Win32\Debug\browser\cemmbrowser.exe
2021-03-29 08:50:00:715  [INFO      ] On lunes, marzo, 29 2021 08:50:00 a. m.
2021-03-29 08:50:00:715  [INFO      ] Created by:Salvador Fajardo Padron
2021-03-29 08:50:00:715  [INFO      ] Windows username: SFAJARDO
2021-03-29 08:50:00:715  [INFO      ] Running on computer: DESARROLLO02
2021-03-29 08:50:00:715  [INFO      ] --------------------------------------------------------------------------------------------------
2021-03-29 08:50:55:106  [INFO      ] --------------------------------------------------------------------------------------------------
2021-03-29 08:50:55:106  [INFO      ] Starting cemmbrowser.exe ver 1.0.0.0
2021-03-29 08:50:55:106  [INFO      ] From D:\Dev\varcoded\ConanExiles\Conan-Exiles-Mod-Manager\CEMM\Win32\Debug\browser\cemmbrowser.exe
2021-03-29 08:50:55:106  [INFO      ] On lunes, marzo, 29 2021 08:50:55 a. m.
2021-03-29 08:50:55:106  [INFO      ] Created by:Salvador Fajardo Padron
2021-03-29 08:50:55:106  [INFO      ] Windows username: SFAJARDO
2021-03-29 08:50:55:106  [INFO      ] Running on computer: DESARROLLO02
2021-03-29 08:50:55:106  [INFO      ] --------------------------------------------------------------------------------------------------
2021-03-29 09:01:48:842  [INFO      ] --------------------------------------------------------------------------------------------------
2021-03-29 09:01:48:842  [INFO      ] Starting cemmbrowser.exe ver 1.0.0.0
2021-03-29 09:01:48:842  [INFO      ] From D:\Dev\varcoded\ConanExiles\Conan-Exiles-Mod-Manager\CEMM\Win32\Debug\browser\cemmbrowser.exe
2021-03-29 09:01:48:842  [INFO      ] On lunes, marzo, 29 2021 09:01:48 a. m.
2021-03-29 09:01:48:842  [INFO      ] Created by:Salvador Fajardo Padron
2021-03-29 09:01:48:842  [INFO      ] Windows username: SFAJARDO
2021-03-29 09:01:48:842  [INFO      ] Running on computer: DESARROLLO02
2021-03-29 09:01:48:842  [INFO      ] --------------------------------------------------------------------------------------------------
2021-03-29 09:03:02:003  [INFO      ] --------------------------------------------------------------------------------------------------
2021-03-29 09:03:02:003  [INFO      ] Starting cemmbrowser.exe ver 1.0.0.0
2021-03-29 09:03:02:003  [INFO      ] From D:\Dev\varcoded\ConanExiles\Conan-Exiles-Mod-Manager\CEMM\Win32\Debug\browser\cemmbrowser.exe
2021-03-29 09:03:02:003  [INFO      ] On lunes, marzo, 29 2021 09:03:02 a. m.
2021-03-29 09:03:02:003  [INFO      ] Created by:Salvador Fajardo Padron
2021-03-29 09:03:02:003  [INFO      ] Windows username: SFAJARDO
2021-03-29 09:03:02:003  [INFO      ] Running on computer: DESARROLLO02
2021-03-29 09:03:02:003  [INFO      ] --------------------------------------------------------------------------------------------------
2021-03-29 09:10:44:007  [INFO      ] --------------------------------------------------------------------------------------------------
2021-03-29 09:10:44:007  [INFO      ] Starting cemmbrowser.exe ver 1.0.0.0
2021-03-29 09:10:44:007  [INFO      ] From D:\Dev\varcoded\ConanExiles\Conan-Exiles-Mod-Manager\CEMM\Win32\Debug\browser\cemmbrowser.exe
2021-03-29 09:10:44:007  [INFO      ] On lunes, marzo, 29 2021 09:10:44 a. m.
2021-03-29 09:10:44:007  [INFO      ] Created by:Salvador Fajardo Padron
2021-03-29 09:10:44:007  [INFO      ] Windows username: SFAJARDO
2021-03-29 09:10:44:007  [INFO      ] Running on computer: DESARROLLO02
2021-03-29 09:10:44:007  [INFO      ] --------------------------------------------------------------------------------------------------
2021-03-29 09:11:10:747  [INFO      ] --------------------------------------------------------------------------------------------------
2021-03-29 09:11:10:747  [INFO      ] Starting cemmbrowser.exe ver 1.0.0.0
2021-03-29 09:11:10:747  [INFO      ] From D:\Dev\varcoded\ConanExiles\Conan-Exiles-Mod-Manager\CEMM\Win32\Debug\browser\cemmbrowser.exe
2021-03-29 09:11:10:747  [INFO      ] On lunes, marzo, 29 2021 09:11:10 a. m.
2021-03-29 09:11:10:747  [INFO      ] Created by:Salvador Fajardo Padron
2021-03-29 09:11:10:747  [INFO      ] Windows username: SFAJARDO
2021-03-29 09:11:10:747  [INFO      ] Running on computer: DESARROLLO02
2021-03-29 09:11:10:747  [INFO      ] --------------------------------------------------------------------------------------------------
2021-03-29 09:12:13:512  [INFO      ] --------------------------------------------------------------------------------------------------
2021-03-29 09:12:13:512  [INFO      ] Starting cemmbrowser.exe ver 1.0.0.0
2021-03-29 09:12:13:512  [INFO      ] From D:\Dev\varcoded\ConanExiles\Conan-Exiles-Mod-Manager\CEMM\Win32\Debug\browser\cemmbrowser.exe
2021-03-29 09:12:13:512  [INFO      ] On lunes, marzo, 29 2021 09:12:13 a. m.
2021-03-29 09:12:13:512  [INFO      ] Created by:Salvador Fajardo Padron
2021-03-29 09:12:13:512  [INFO      ] Windows username: SFAJARDO
2021-03-29 09:12:13:512  [INFO      ] Running on computer: DESARROLLO02
2021-03-29 09:12:13:512  [INFO      ] --------------------------------------------------------------------------------------------------
2021-03-29 09:20:11:274  [INFO      ] --------------------------------------------------------------------------------------------------
2021-03-29 09:20:11:274  [INFO      ] Starting cemmbrowser.exe ver 1.0.0.0
2021-03-29 09:20:11:274  [INFO      ] From D:\Dev\varcoded\ConanExiles\Conan-Exiles-Mod-Manager\CEMM\Win32\Debug\browser\cemmbrowser.exe
2021-03-29 09:20:11:274  [INFO      ] On lunes, marzo, 29 2021 09:20:11 a. m.
2021-03-29 09:20:11:274  [INFO      ] Created by:Salvador Fajardo Padron
2021-03-29 09:20:11:274  [INFO      ] Windows username: SFAJARDO
2021-03-29 09:20:11:274  [INFO      ] Running on computer: DESARROLLO02
2021-03-29 09:20:11:274  [INFO      ] --------------------------------------------------------------------------------------------------
2021-03-29 09:24:21:262  [INFO      ] --------------------------------------------------------------------------------------------------
2021-03-29 09:24:21:262  [INFO      ] Starting cemmbrowser.exe ver 1.0.0.0
2021-03-29 09:24:21:262  [INFO      ] From D:\Dev\varcoded\ConanExiles\Conan-Exiles-Mod-Manager\CEMM\Win32\Debug\Browser\cemmbrowser.exe
2021-03-29 09:24:21:262  [INFO      ] On lunes, marzo, 29 2021 09:24:21 a. m.
2021-03-29 09:24:21:262  [INFO      ] Created by:Salvador Fajardo Padron
2021-03-29 09:24:21:262  [INFO      ] Windows username: SFAJARDO
2021-03-29 09:24:21:262  [INFO      ] Running on computer: DESARROLLO02
2021-03-29 09:24:21:262  [INFO      ] --------------------------------------------------------------------------------------------------
2021-03-29 09:25:07:708  [INFO      ] --------------------------------------------------------------------------------------------------
2021-03-29 09:25:07:708  [INFO      ] Starting cemmbrowser.exe ver 1.0.0.0
2021-03-29 09:25:07:708  [INFO      ] From D:\Dev\varcoded\ConanExiles\Conan-Exiles-Mod-Manager\CEMM\Win32\Debug\browser\cemmbrowser.exe
2021-03-29 09:25:07:708  [INFO      ] On lunes, marzo, 29 2021 09:25:07 a. m.
2021-03-29 09:25:07:708  [INFO      ] Created by:Salvador Fajardo Padron
2021-03-29 09:25:07:708  [INFO      ] Windows username: SFAJARDO
2021-03-29 09:25:07:708  [INFO      ] Running on computer: DESARROLLO02
2021-03-29 09:25:07:708  [INFO      ] --------------------------------------------------------------------------------------------------
2021-03-29 09:26:48:240  [INFO      ] --------------------------------------------------------------------------------------------------
2021-03-29 09:26:48:240  [INFO      ] Starting cemmbrowser.exe ver 1.0.0.0
2021-03-29 09:26:48:240  [INFO      ] From D:\Dev\varcoded\ConanExiles\Conan-Exiles-Mod-Manager\CEMM\Win32\Debug\browser\cemmbrowser.exe
2021-03-29 09:26:48:240  [INFO      ] On lunes, marzo, 29 2021 09:26:48 a. m.
2021-03-29 09:26:48:240  [INFO      ] Created by:Salvador Fajardo Padron
2021-03-29 09:26:48:240  [INFO      ] Windows username: SFAJARDO
2021-03-29 09:26:48:240  [INFO      ] Running on computer: DESARROLLO02
2021-03-29 09:26:48:240  [INFO      ] --------------------------------------------------------------------------------------------------
2021-03-29 10:09:58:251  [INFO      ] --------------------------------------------------------------------------------------------------
2021-03-29 10:09:58:251  [INFO      ] Starting cemmbrowser.exe ver 1.0.0.0
2021-03-29 10:09:58:251  [INFO      ] From D:\Dev\varcoded\ConanExiles\Conan-Exiles-Mod-Manager\CEMM\Win32\Debug\browser\cemmbrowser.exe
2021-03-29 10:09:58:251  [INFO      ] On lunes, marzo, 29 2021 10:09:58 a. m.
2021-03-29 10:09:58:251  [INFO      ] Created by:Salvador Fajardo Padron
2021-03-29 10:09:58:251  [INFO      ] Windows username: SFAJARDO
2021-03-29 10:09:58:251  [INFO      ] Running on computer: DESARROLLO02
2021-03-29 10:09:58:251  [INFO      ] --------------------------------------------------------------------------------------------------
2021-03-29 10:11:55:935  [INFO      ] --------------------------------------------------------------------------------------------------
2021-03-29 10:11:55:935  [INFO      ] Starting cemmbrowser.exe ver 1.0.0.0
2021-03-29 10:11:55:935  [INFO      ] From D:\Dev\varcoded\ConanExiles\Conan-Exiles-Mod-Manager\CEMM\Win32\Debug\browser\cemmbrowser.exe
2021-03-29 10:11:55:935  [INFO      ] On lunes, marzo, 29 2021 10:11:55 a. m.
2021-03-29 10:11:55:935  [INFO      ] Created by:Salvador Fajardo Padron
2021-03-29 10:11:55:935  [INFO      ] Windows username: SFAJARDO
2021-03-29 10:11:55:935  [INFO      ] Running on computer: DESARROLLO02
2021-03-29 10:11:55:935  [INFO      ] --------------------------------------------------------------------------------------------------
2021-03-29 10:12:35:394  [INFO      ] --------------------------------------------------------------------------------------------------
2021-03-29 10:12:35:394  [INFO      ] Starting cemmbrowser.exe ver 1.0.0.0
2021-03-29 10:12:35:394  [INFO      ] From D:\Dev\varcoded\ConanExiles\Conan-Exiles-Mod-Manager\CEMM\Win32\Debug\browser\cemmbrowser.exe
2021-03-29 10:12:35:394  [INFO      ] On lunes, marzo, 29 2021 10:12:35 a. m.
2021-03-29 10:12:35:394  [INFO      ] Created by:Salvador Fajardo Padron
2021-03-29 10:12:35:394  [INFO      ] Windows username: SFAJARDO
2021-03-29 10:12:35:394  [INFO      ] Running on computer: DESARROLLO02
2021-03-29 10:12:35:394  [INFO      ] --------------------------------------------------------------------------------------------------
2021-03-29 10:15:28:686  [INFO      ] --------------------------------------------------------------------------------------------------
2021-03-29 10:15:28:686  [INFO      ] Starting cemmbrowser.exe ver 1.0.0.0
2021-03-29 10:15:28:686  [INFO      ] From D:\Dev\varcoded\ConanExiles\Conan-Exiles-Mod-Manager\CEMM\Win32\Debug\browser\cemmbrowser.exe
2021-03-29 10:15:28:686  [INFO      ] On lunes, marzo, 29 2021 10:15:28 a. m.
2021-03-29 10:15:28:686  [INFO      ] Created by:Salvador Fajardo Padron
2021-03-29 10:15:28:686  [INFO      ] Windows username: SFAJARDO
2021-03-29 10:15:28:686  [INFO      ] Running on computer: DESARROLLO02
2021-03-29 10:15:28:686  [INFO      ] --------------------------------------------------------------------------------------------------
2021-03-29 10:23:38:450  [INFO      ] --------------------------------------------------------------------------------------------------
2021-03-29 10:23:38:450  [INFO      ] Starting cemmbrowser.exe ver 1.0.0.0
2021-03-29 10:23:38:450  [INFO      ] From D:\Dev\varcoded\ConanExiles\Conan-Exiles-Mod-Manager\CEMM\Win32\Debug\browser\cemmbrowser.exe
2021-03-29 10:23:38:450  [INFO      ] On lunes, marzo, 29 2021 10:23:38 a. m.
2021-03-29 10:23:38:450  [INFO      ] Created by:Salvador Fajardo Padron
2021-03-29 10:23:38:450  [INFO      ] Windows username: SFAJARDO
2021-03-29 10:23:38:450  [INFO      ] Running on computer: DESARROLLO02
2021-03-29 10:23:38:450  [INFO      ] --------------------------------------------------------------------------------------------------
2021-03-29 10:27:10:067  [INFO      ] --------------------------------------------------------------------------------------------------
2021-03-29 10:27:10:067  [INFO      ] Starting cemmbrowser.exe ver 1.0.0.0
2021-03-29 10:27:10:067  [INFO      ] From D:\Dev\varcoded\ConanExiles\Conan-Exiles-Mod-Manager\CEMM\Win32\Debug\browser\cemmbrowser.exe
2021-03-29 10:27:10:067  [INFO      ] On lunes, marzo, 29 2021 10:27:10 a. m.
2021-03-29 10:27:10:067  [INFO      ] Created by:Salvador Fajardo Padron
2021-03-29 10:27:10:067  [INFO      ] Windows username: SFAJARDO
2021-03-29 10:27:10:067  [INFO      ] Running on computer: DESARROLLO02
2021-03-29 10:27:10:067  [INFO      ] --------------------------------------------------------------------------------------------------
2021-03-29 10:30:20:274  [INFO      ] --------------------------------------------------------------------------------------------------
2021-03-29 10:30:20:274  [INFO      ] Starting cemmbrowser.exe ver 1.0.0.0
2021-03-29 10:30:20:274  [INFO      ] From D:\Dev\varcoded\ConanExiles\Conan-Exiles-Mod-Manager\CEMM\Win32\Debug\browser\cemmbrowser.exe
2021-03-29 10:30:20:274  [INFO      ] On lunes, marzo, 29 2021 10:30:20 a. m.
2021-03-29 10:30:20:274  [INFO      ] Created by:Salvador Fajardo Padron
2021-03-29 10:30:20:274  [INFO      ] Windows username: SFAJARDO
2021-03-29 10:30:20:274  [INFO      ] Running on computer: DESARROLLO02
2021-03-29 10:30:20:274  [INFO      ] --------------------------------------------------------------------------------------------------
2021-03-29 11:19:29:063  [INFO      ] --------------------------------------------------------------------------------------------------
2021-03-29 11:19:29:063  [INFO      ] Starting cemmbrowser.exe ver 1.0.0.0
2021-03-29 11:19:29:063  [INFO      ] From D:\Dev\varcoded\ConanExiles\Conan-Exiles-Mod-Manager\CEMM\Win32\Debug\browser\cemmbrowser.exe
2021-03-29 11:19:29:063  [INFO      ] On lunes, marzo, 29 2021 11:19:29 a. m.
2021-03-29 11:19:29:063  [INFO      ] Created by:Salvador Fajardo Padron
2021-03-29 11:19:29:063  [INFO      ] Windows username: SFAJARDO
2021-03-29 11:19:29:063  [INFO      ] Running on computer: DESARROLLO02
2021-03-29 11:19:29:063  [INFO      ] --------------------------------------------------------------------------------------------------
2021-03-29 14:18:22:803  [INFO      ] --------------------------------------------------------------------------------------------------
2021-03-29 14:18:22:803  [INFO      ] Starting cemmbrowser.exe ver 1.0.0.0
2021-03-29 14:18:22:803  [INFO      ] From D:\Dev\varcoded\ConanExiles\Conan-Exiles-Mod-Manager\CEMM\Win32\Debug\browser\cemmbrowser.exe
2021-03-29 14:18:22:803  [INFO      ] On lunes, marzo, 29 2021 02:18:22 p. m.
2021-03-29 14:18:22:803  [INFO      ] Created by:Salvador Fajardo Padron
2021-03-29 14:18:22:803  [INFO      ] Windows username: SFAJARDO
2021-03-29 14:18:22:803  [INFO      ] Running on computer: DESARROLLO02
2021-03-29 14:18:22:803  [INFO      ] --------------------------------------------------------------------------------------------------
2021-03-29 14:19:26:546  [INFO      ] --------------------------------------------------------------------------------------------------
2021-03-29 14:19:26:546  [INFO      ] Starting cemmbrowser.exe ver 1.0.0.0
2021-03-29 14:19:26:546  [INFO      ] From D:\Dev\varcoded\ConanExiles\Conan-Exiles-Mod-Manager\CEMM\Win32\Debug\browser\cemmbrowser.exe
2021-03-29 14:19:26:546  [INFO      ] On lunes, marzo, 29 2021 02:19:26 p. m.
2021-03-29 14:19:26:546  [INFO      ] Created by:Salvador Fajardo Padron
2021-03-29 14:19:26:546  [INFO      ] Windows username: SFAJARDO
2021-03-29 14:19:26:546  [INFO      ] Running on computer: DESARROLLO02
2021-03-29 14:19:26:546  [INFO      ] --------------------------------------------------------------------------------------------------
2021-03-30 10:59:13:403  [INFO      ] --------------------------------------------------------------------------------------------------
2021-03-30 10:59:13:403  [INFO      ] Starting cemmbrowser.exe ver 1.0.0.0
2021-03-30 10:59:13:403  [INFO      ] From D:\Dev\varcoded\ConanExiles\Conan-Exiles-Mod-Manager\CEMM\Win32\Debug\browser\cemmbrowser.exe
2021-03-30 10:59:13:403  [INFO      ] On martes, marzo, 30 2021 10:59:13 a. m.
2021-03-30 10:59:13:403  [INFO      ] Created by:Salvador Fajardo Padron
2021-03-30 10:59:13:403  [INFO      ] Windows username: SFAJARDO
2021-03-30 10:59:13:403  [INFO      ] Running on computer: DESARROLLO02
2021-03-30 10:59:13:403  [INFO      ] --------------------------------------------------------------------------------------------------
