(**
Starting cect.exe  ver 1.2.1.0
From : C:\Users\sfajardo\Documents\Embarcadero\Studio\Projects\ConanSP Tools\CECTv1.1\Win32\Debug\
On Thursday, February, 2 2021 4:16:48 PM
Created by: Salvador Fajardo (salvador.fajardo@zoho.com)
Windows username: sfajardo
Running on computer: HSH-GAMER1
**)
[02/04/2021  04:16 PM][Info      	][Database:C:\Users\sfajardo\Documents\Embarcadero\Studio\Projects\ConanSP Tools\CECTv1.1\Win32\Debug\cect.sfp]
[02/04/2021  04:16 PM][Info      	][Ready]
(**
Starting cect.exe  ver 1.2.1.0
From : C:\Users\sfajardo\Documents\Embarcadero\Studio\Projects\ConanSP Tools\CECTv1.1\Win32\Debug\
On Thursday, February, 2 2021 4:17:27 PM
Created by: Salvador Fajardo (salvador.fajardo@zoho.com)
Windows username: sfajardo
Running on computer: HSH-GAMER1
**)
[02/04/2021  04:17 PM][Info      	][Database:C:\Users\sfajardo\Documents\Embarcadero\Studio\Projects\ConanSP Tools\CECTv1.1\Win32\Debug\cect.sfp]
[02/04/2021  04:17 PM][Info      	][Ready]
(**
Starting cect.exe  ver 1.2.1.0
From : C:\Users\sfajardo\Documents\Embarcadero\Studio\Projects\ConanSP Tools\CECTv1.1\Win32\Debug\
On Thursday, February, 2 2021 4:18:02 PM
Created by: Salvador Fajardo (salvador.fajardo@zoho.com)
Windows username: sfajardo
Running on computer: HSH-GAMER1
**)
[02/04/2021  04:18 PM][Info      	][Database:C:\Users\sfajardo\Documents\Embarcadero\Studio\Projects\ConanSP Tools\CECTv1.1\Win32\Debug\cect.sfp]
[02/04/2021  04:18 PM][Info      	][Ready]
(**
Starting cect.exe  ver 1.2.1.0
From : C:\Users\sfajardo\Documents\Embarcadero\Studio\Projects\ConanSP Tools\CECTv1.1\Win32\Debug\
On Thursday, February, 2 2021 4:19:44 PM
Created by: Salvador Fajardo (salvador.fajardo@zoho.com)
Windows username: sfajardo
Running on computer: HSH-GAMER1
**)
[02/04/2021  04:19 PM][Info      	][Database:C:\Users\sfajardo\Documents\Embarcadero\Studio\Projects\ConanSP Tools\CECTv1.1\Win32\Debug\cect.sfp]
[02/04/2021  04:19 PM][Info      	][Ready]
[02/04/2021  04:21 PM][Begin     	][Updating mod list]
[02/04/2021  04:21 PM][Info      	][Mod folder:G:\SteamLibrary\steamapps\workshop\content\440900]
[02/04/2021  04:21 PM][Info      	][Deleting old data from mods]
[02/04/2021  04:21 PM][Info      	][Reading mod files from G:\SteamLibrary\steamapps\workshop\content\440900]
[02/04/2021  04:21 PM][Info      	][Importing MODS data to db]
[02/04/2021  04:21 PM][Info      	][Adding mods info]
[02/04/2021  04:21 PM][End       	][Updating mods]
(**
Starting cect.exe  ver 1.2.1.0
From : C:\Users\sfajardo\Documents\Embarcadero\Studio\Projects\CECTv1.1\Win32\Debug\
On Thursday, February, 2 2021 4:26:28 PM
Created by: Salvador Fajardo (salvador.fajardo@zoho.com)
Windows username: sfajardo
Running on computer: HSH-GAMER1
**)
[02/04/2021  04:26 PM][Info      	][Database:C:\Users\sfajardo\Documents\Embarcadero\Studio\Projects\CECTv1.1\Win32\Debug\cect.sfp]
[02/04/2021  04:26 PM][Info      	][Ready]
